Dataset multi Target clipart Network resnet34 Num per class 3
126 classes in this dataset
THCudaCheck FAIL file=/opt/conda/conda-bld/pytorch_1535493744281/work/aten/src/THC/THCGeneral.cpp line=663 error=11 : invalid argument
T clipart Ep: 0 lr0.01 	 Loss Class: 4.835624 RotLab: 1.5689586400985718 Ent: 0.4719420075416565 RotUnl: 1.5689586400985718 

T clipart Ep: 100 lr0.009925650290240803 	 Loss Class: 1.897488 RotLab: 0.9745052456855774 Ent: 0.3193146288394928 RotUnl: 0.9745052456855774 

T clipart Ep: 200 lr0.009852577760521605 	 Loss Class: 0.429198 RotLab: 0.8184311389923096 Ent: 0.12883715331554413 RotUnl: 0.8184311389923096 

T clipart Ep: 300 lr0.009780748269686728 	 Loss Class: 0.343568 RotLab: 0.6778764128684998 Ent: 0.11047613620758057 RotUnl: 0.6778764128684998 

T clipart Ep: 400 lr0.009710128909124701 	 Loss Class: 0.241614 RotLab: 0.5410476326942444 Ent: 0.07699241489171982 RotUnl: 0.5410476326942444 

T clipart Ep: 500 lr0.00964068794694323 	 Loss Class: 0.176323 RotLab: 0.7130963206291199 Ent: 0.05180482938885689 RotUnl: 0.7130963206291199 

\Target: Average loss: 3.3421, Accuracy: 15005/49440 F1 (30%)

\Rotation: Average loss: 0.8922, Accuracy: 28352/49440 F1 (57%)

best acc class 30.349919
record record/multi/net_resnet34_clipart
saving model
T clipart Ep: 600 lr0.00957239477517603 	 Loss Class: 0.105282 RotLab: 0.5313664078712463 Ent: 0.04116145148873329 RotUnl: 0.5313664078712463 

T clipart Ep: 700 lr0.009505219859830012 	 Loss Class: 0.079226 RotLab: 0.2758869230747223 Ent: 0.03152898699045181 RotUnl: 0.2758869230747223 

T clipart Ep: 800 lr0.009439134693595126 	 Loss Class: 0.086874 RotLab: 0.49109384417533875 Ent: 0.033605385571718216 RotUnl: 0.49109384417533875 

T clipart Ep: 900 lr0.009374111751051751 	 Loss Class: 0.040608 RotLab: 0.3748783767223358 Ent: 0.024150626733899117 RotUnl: 0.3748783767223358 

T clipart Ep: 1000 lr0.009310124446222227 	 Loss Class: 0.083622 RotLab: 0.6438060402870178 Ent: 0.036407649517059326 RotUnl: 0.6438060402870178 

\Target: Average loss: 3.4548, Accuracy: 14811/49440 F1 (29%)

\Rotation: Average loss: 0.9716, Accuracy: 28940/49440 F1 (58%)

best acc class 30.349919
record record/multi/net_resnet34_clipart
saving model
T clipart Ep: 1100 lr0.00924714709232377 	 Loss Class: 0.046007 RotLab: 0.4229957163333893 Ent: 0.024281084537506104 RotUnl: 0.4229957163333893 

T clipart Ep: 1200 lr0.009185154863590003 	 Loss Class: 0.057933 RotLab: 0.5087330341339111 Ent: 0.026447195559740067 RotUnl: 0.5087330341339111 

T clipart Ep: 1300 lr0.00912412375903735 	 Loss Class: 0.057576 RotLab: 0.25105705857276917 Ent: 0.026067763566970825 RotUnl: 0.25105705857276917 

T clipart Ep: 1400 lr0.009064030568061049 	 Loss Class: 0.028831 RotLab: 0.08513408154249191 Ent: 0.018764032050967216 RotUnl: 0.08513408154249191 

T clipart Ep: 1500 lr0.009004852837753237 	 Loss Class: 0.129511 RotLab: 0.22882206737995148 Ent: 0.01717940904200077 RotUnl: 0.22882206737995148 

\Target: Average loss: 3.5151, Accuracy: 14892/49440 F1 (30%)

\Rotation: Average loss: 1.0425, Accuracy: 29188/49440 F1 (59%)

best acc class 30.349919
record record/multi/net_resnet34_clipart
saving model
T clipart Ep: 1600 lr0.008946568841842816 	 Loss Class: 0.042198 RotLab: 0.4156164824962616 Ent: 0.024027805775403976 RotUnl: 0.4156164824962616 

T clipart Ep: 1700 lr0.008889157551163433 	 Loss Class: 0.062711 RotLab: 0.1389479637145996 Ent: 0.026672428473830223 RotUnl: 0.1389479637145996 

T clipart Ep: 1800 lr0.008832598605562044 	 Loss Class: 0.037609 RotLab: 0.2023574709892273 Ent: 0.020198417827486992 RotUnl: 0.2023574709892273 

T clipart Ep: 1900 lr0.008776872287166303 	 Loss Class: 0.035222 RotLab: 0.14047661423683167 Ent: 0.02230372093617916 RotUnl: 0.14047661423683167 

T clipart Ep: 2000 lr0.008721959494934213 	 Loss Class: 0.025293 RotLab: 0.11879146099090576 Ent: 0.016635438427329063 RotUnl: 0.11879146099090576 

\Target: Average loss: 3.5082, Accuracy: 14948/49440 F1 (30%)

\Rotation: Average loss: 1.1121, Accuracy: 29280/49440 F1 (59%)

best acc class 30.349919
record record/multi/net_resnet34_clipart
saving model
T clipart Ep: 2100 lr0.008667841720414475 	 Loss Class: 0.027616 RotLab: 0.1490621268749237 Ent: 0.017183704301714897 RotUnl: 0.1490621268749237 

T clipart Ep: 2200 lr0.008614501024650454 	 Loss Class: 0.026647 RotLab: 0.07366649061441422 Ent: 0.01755906641483307 RotUnl: 0.07366649061441422 

T clipart Ep: 2300 lr0.008561920016164943 	 Loss Class: 0.035178 RotLab: 0.14688928425312042 Ent: 0.021828114986419678 RotUnl: 0.14688928425312042 

T clipart Ep: 2400 lr0.008510081829966844 	 Loss Class: 0.028999 RotLab: 0.07000654935836792 Ent: 0.01707601360976696 RotUnl: 0.07000654935836792 

T clipart Ep: 2500 lr0.008458970107524513 	 Loss Class: 0.024525 RotLab: 0.07892294228076935 Ent: 0.01669354736804962 RotUnl: 0.07892294228076935 

\Target: Average loss: 3.5297, Accuracy: 14863/49440 F1 (30%)

\Rotation: Average loss: 1.1976, Accuracy: 29397/49440 F1 (59%)

best acc class 30.349919
record record/multi/net_resnet34_clipart
saving model
T clipart Ep: 2600 lr0.008408568977653933 	 Loss Class: 0.027362 RotLab: 0.2092246562242508 Ent: 0.015614502131938934 RotUnl: 0.2092246562242508 

T clipart Ep: 2700 lr0.00835886303827305 	 Loss Class: 0.013715 RotLab: 0.02321259118616581 Ent: 0.009569589979946613 RotUnl: 0.02321259118616581 

T clipart Ep: 2800 lr0.008309837338976545 	 Loss Class: 0.035378 RotLab: 0.08615294843912125 Ent: 0.017111919820308685 RotUnl: 0.08615294843912125 

T clipart Ep: 2900 lr0.008261477364388068 	 Loss Class: 0.024034 RotLab: 0.22151422500610352 Ent: 0.017104363068938255 RotUnl: 0.22151422500610352 

T clipart Ep: 3000 lr0.008213769018249545 	 Loss Class: 0.013777 RotLab: 0.16342121362686157 Ent: 0.01047570165246725 RotUnl: 0.16342121362686157 

\Target: Average loss: 3.4973, Accuracy: 15205/49440 F1 (30%)

\Rotation: Average loss: 1.2704, Accuracy: 29280/49440 F1 (59%)

best acc class 30.754450
record record/multi/net_resnet34_clipart
saving model
T clipart Ep: 3100 lr0.008166698608209509 	 Loss Class: 0.014641 RotLab: 0.0962182879447937 Ent: 0.01095722895115614 RotUnl: 0.0962182879447937 

T clipart Ep: 3200 lr0.008120252831274708 	 Loss Class: 0.019782 RotLab: 0.16117356717586517 Ent: 0.014053033664822578 RotUnl: 0.16117356717586517 

T clipart Ep: 3300 lr0.008074418759891278 	 Loss Class: 0.010576 RotLab: 0.06609338521957397 Ent: 0.008582687936723232 RotUnl: 0.06609338521957397 

T clipart Ep: 3400 lr0.008029183828623731 	 Loss Class: 0.014731 RotLab: 0.0656241849064827 Ent: 0.01097637414932251 RotUnl: 0.0656241849064827 

T clipart Ep: 3500 lr0.007984535821401871 	 Loss Class: 0.011371 RotLab: 0.07698085159063339 Ent: 0.00883431639522314 RotUnl: 0.07698085159063339 

\Target: Average loss: 3.5455, Accuracy: 14807/49440 F1 (29%)

\Rotation: Average loss: 1.2654, Accuracy: 29219/49440 F1 (59%)

best acc class 30.754450
record record/multi/net_resnet34_clipart
saving model
T clipart Ep: 3600 lr0.007940462859307384 	 Loss Class: 0.013405 RotLab: 0.01369178295135498 Ent: 0.010198903270065784 RotUnl: 0.01369178295135498 

T clipart Ep: 3700 lr0.007896953388873518 	 Loss Class: 0.008710 RotLab: 0.0543493777513504 Ent: 0.007043194025754929 RotUnl: 0.0543493777513504 

T clipart Ep: 3800 lr0.007853996170872714 	 Loss Class: 0.033795 RotLab: 0.04717370867729187 Ent: 0.016711745411157608 RotUnl: 0.04717370867729187 

T clipart Ep: 3900 lr0.00781158026956848 	 Loss Class: 0.017751 RotLab: 0.03421167656779289 Ent: 0.011900811456143856 RotUnl: 0.03421167656779289 

T clipart Ep: 4000 lr0.007769695042409123 	 Loss Class: 0.016951 RotLab: 0.02156846784055233 Ent: 0.01189159695059061 RotUnl: 0.02156846784055233 

\Target: Average loss: 3.4946, Accuracy: 15334/49440 F1 (31%)

\Rotation: Average loss: 1.2831, Accuracy: 29123/49440 F1 (58%)

best acc class 31.015372
record record/multi/net_resnet34_clipart
saving model
T clipart Ep: 4100 lr0.007728330130142108 	 Loss Class: 0.010421 RotLab: 0.060489531606435776 Ent: 0.008071267046034336 RotUnl: 0.060489531606435776 

T clipart Ep: 4200 lr0.007687475447329114 	 Loss Class: 0.021471 RotLab: 0.04494496062397957 Ent: 0.01437970157712698 RotUnl: 0.04494496062397957 

T clipart Ep: 4300 lr0.0076471211732427845 	 Loss Class: 0.016398 RotLab: 0.016310712322592735 Ent: 0.011378048919141293 RotUnl: 0.016310712322592735 

T clipart Ep: 4400 lr0.007607257743127307 	 Loss Class: 0.014654 RotLab: 0.05733804777264595 Ent: 0.011125772260129452 RotUnl: 0.05733804777264595 

T clipart Ep: 4500 lr0.007567875839805858 	 Loss Class: 0.009155 RotLab: 0.03981761261820793 Ent: 0.007452498655766249 RotUnl: 0.03981761261820793 

\Target: Average loss: 3.4935, Accuracy: 15281/49440 F1 (30%)

\Rotation: Average loss: 1.3233, Accuracy: 29346/49440 F1 (59%)

best acc class 31.015372
record record/multi/net_resnet34_clipart
saving model
T clipart Ep: 4600 lr0.007528966385618854 	 Loss Class: 0.010208 RotLab: 0.016834735870361328 Ent: 0.007771231234073639 RotUnl: 0.016834735870361328 

T clipart Ep: 4700 lr0.007490520534677821 	 Loss Class: 0.112836 RotLab: 0.14259475469589233 Ent: 0.012108588591217995 RotUnl: 0.14259475469589233 

T clipart Ep: 4800 lr0.007452529665420465 	 Loss Class: 0.016870 RotLab: 0.010207791812717915 Ent: 0.010115643963217735 RotUnl: 0.010207791812717915 

T clipart Ep: 4900 lr0.007414985373453289 	 Loss Class: 0.006101 RotLab: 0.05189574882388115 Ent: 0.005391070153564215 RotUnl: 0.05189574882388115 

T clipart Ep: 5000 lr0.007377879464668811 	 Loss Class: 0.011294 RotLab: 0.0057610273361206055 Ent: 0.008277119137346745 RotUnl: 0.0057610273361206055 

\Target: Average loss: 3.4797, Accuracy: 15371/49440 F1 (31%)

\Rotation: Average loss: 1.3904, Accuracy: 29393/49440 F1 (59%)

best acc class 31.090210
record record/multi/net_resnet34_clipart
saving model
T clipart Ep: 5100 lr0.007341203948625087 	 Loss Class: 0.010729 RotLab: 0.004958450794219971 Ent: 0.008699651807546616 RotUnl: 0.004958450794219971 

T clipart Ep: 5200 lr0.007304951032175895 	 Loss Class: 0.007134 RotLab: 0.04452549293637276 Ent: 0.006220535840839148 RotUnl: 0.04452549293637276 

T clipart Ep: 5300 lr0.007269113113340497 	 Loss Class: 0.008005 RotLab: 0.010359813459217548 Ent: 0.006409977562725544 RotUnl: 0.010359813459217548 

T clipart Ep: 5400 lr0.007233682775402483 	 Loss Class: 0.010830 RotLab: 0.007501423358917236 Ent: 0.008339191786944866 RotUnl: 0.007501423358917236 

T clipart Ep: 5500 lr0.007198652781227704 	 Loss Class: 0.009827 RotLab: 0.025484859943389893 Ent: 0.007836077362298965 RotUnl: 0.025484859943389893 

\Target: Average loss: 3.4459, Accuracy: 15490/49440 F1 (31%)

\Rotation: Average loss: 1.3752, Accuracy: 29794/49440 F1 (60%)

best acc class 31.330906
record record/multi/net_resnet34_clipart
saving model
T clipart Ep: 5600 lr0.007164016067791809 	 Loss Class: 0.009710 RotLab: 0.018925657495856285 Ent: 0.008247219026088715 RotUnl: 0.018925657495856285 

T clipart Ep: 5700 lr0.0071297657409083726 	 Loss Class: 0.010567 RotLab: 0.010171373374760151 Ent: 0.008320309221744537 RotUnl: 0.010171373374760151 

T clipart Ep: 5800 lr0.0070958950701490225 	 Loss Class: 0.007161 RotLab: 0.004729767795652151 Ent: 0.00609824201092124 RotUnl: 0.004729767795652151 

T clipart Ep: 5900 lr0.007062397483947426 	 Loss Class: 0.011981 RotLab: 0.00186997652053833 Ent: 0.00964886974543333 RotUnl: 0.00186997652053833 

T clipart Ep: 6000 lr0.007029266564879363 	 Loss Class: 0.011714 RotLab: 0.003816763637587428 Ent: 0.009464996866881847 RotUnl: 0.003816763637587428 

\Target: Average loss: 3.4813, Accuracy: 15291/49440 F1 (30%)

\Rotation: Average loss: 1.4060, Accuracy: 29554/49440 F1 (59%)

best acc class 31.330906
record record/multi/net_resnet34_clipart
saving model
T clipart Ep: 6100 lr0.006996496045111504 	 Loss Class: 0.007934 RotLab: 0.048319071531295776 Ent: 0.006811280734837055 RotUnl: 0.048319071531295776 

T clipart Ep: 6200 lr0.00696407980201184 	 Loss Class: 0.011433 RotLab: 0.03709131479263306 Ent: 0.009213944897055626 RotUnl: 0.03709131479263306 

T clipart Ep: 6300 lr0.006932011853915101 	 Loss Class: 0.009185 RotLab: 0.1461721956729889 Ent: 0.007712230086326599 RotUnl: 0.1461721956729889 

T clipart Ep: 6400 lr0.006900286356036734 	 Loss Class: 0.014662 RotLab: 0.055168867111206055 Ent: 0.011432083323597908 RotUnl: 0.055168867111206055 

T clipart Ep: 6500 lr0.006868897596529406 	 Loss Class: 0.010044 RotLab: 0.04027136042714119 Ent: 0.008196486160159111 RotUnl: 0.04027136042714119 

\Target: Average loss: 3.4483, Accuracy: 15437/49440 F1 (31%)

\Rotation: Average loss: 1.4299, Accuracy: 29626/49440 F1 (59%)

best acc class 31.330906
record record/multi/net_resnet34_clipart
saving model
T clipart Ep: 6600 lr0.006837839992676177 	 Loss Class: 0.007748 RotLab: 0.05785626545548439 Ent: 0.0066144526936113834 RotUnl: 0.05785626545548439 

T clipart Ep: 6700 lr0.006807108087214876 	 Loss Class: 0.007199 RotLab: 0.004030903335660696 Ent: 0.006399217527359724 RotUnl: 0.004030903335660696 

T clipart Ep: 6800 lr0.006776696544788352 	 Loss Class: 0.012133 RotLab: 0.005490104202181101 Ent: 0.009984621778130531 RotUnl: 0.005490104202181101 

T clipart Ep: 6900 lr0.006746600148515609 	 Loss Class: 0.006775 RotLab: 0.005223075393587351 Ent: 0.006103911902755499 RotUnl: 0.005223075393587351 

T clipart Ep: 7000 lr0.006716813796678979 	 Loss Class: 0.007848 RotLab: 0.0096155209466815 Ent: 0.006461405660957098 RotUnl: 0.0096155209466815 

\Target: Average loss: 3.4290, Accuracy: 15450/49440 F1 (31%)

\Rotation: Average loss: 1.3874, Accuracy: 29661/49440 F1 (59%)

best acc class 31.330906
record record/multi/net_resnet34_clipart
saving model
T clipart Ep: 7100 lr0.006687332499522798 	 Loss Class: 0.080606 RotLab: 0.058245349675416946 Ent: 0.014065265655517578 RotUnl: 0.058245349675416946 

T clipart Ep: 7200 lr0.006658151376159165 	 Loss Class: 0.008041 RotLab: 0.006016214843839407 Ent: 0.006658442318439484 RotUnl: 0.006016214843839407 

T clipart Ep: 7300 lr0.00662926565157663 	 Loss Class: 0.007118 RotLab: 0.04614682123064995 Ent: 0.006285529583692551 RotUnl: 0.04614682123064995 

T clipart Ep: 7400 lr0.006600670653747793 	 Loss Class: 0.012227 RotLab: 0.021355101838707924 Ent: 0.009445957839488983 RotUnl: 0.021355101838707924 

T clipart Ep: 7500 lr0.0065723618108320175 	 Loss Class: 0.007804 RotLab: 0.006353467702865601 Ent: 0.006565553601831198 RotUnl: 0.006353467702865601 

\Target: Average loss: 3.4433, Accuracy: 15272/49440 F1 (30%)

\Rotation: Average loss: 1.4129, Accuracy: 29478/49440 F1 (59%)

best acc class 31.330906
record record/multi/net_resnet34_clipart
saving model
T clipart Ep: 7600 lr0.006544334648469591 	 Loss Class: 0.007126 RotLab: 0.026878029108047485 Ent: 0.006259222514927387 RotUnl: 0.026878029108047485 

T clipart Ep: 7700 lr0.006516584787163857 	 Loss Class: 0.008437 RotLab: 0.029573729261755943 Ent: 0.00704411743208766 RotUnl: 0.029573729261755943 

T clipart Ep: 7800 lr0.006489107939747966 	 Loss Class: 0.007001 RotLab: 0.0007759531144984066 Ent: 0.0058555686846375465 RotUnl: 0.0007759531144984066 

T clipart Ep: 7900 lr0.0064618999089330565 	 Loss Class: 0.014126 RotLab: 0.0030101339798420668 Ent: 0.010237905196845531 RotUnl: 0.0030101339798420668 

T clipart Ep: 8000 lr0.006434956584934828 	 Loss Class: 0.007715 RotLab: 0.0011028846492990851 Ent: 0.006776185240596533 RotUnl: 0.0011028846492990851 

\Target: Average loss: 3.4025, Accuracy: 15581/49440 F1 (31%)

\Rotation: Average loss: 1.4302, Accuracy: 29697/49440 F1 (60%)

best acc class 31.514968
record record/multi/net_resnet34_clipart
saving model
T clipart Ep: 8100 lr0.006408273943175546 	 Loss Class: 0.008526 RotLab: 0.0006832480430603027 Ent: 0.00732408044859767 RotUnl: 0.0006832480430603027 

T clipart Ep: 8200 lr0.006381848042058713 	 Loss Class: 0.006628 RotLab: 0.0018483797321096063 Ent: 0.00597066804766655 RotUnl: 0.0018483797321096063 

T clipart Ep: 8300 lr0.0063556750208137005 	 Loss Class: 0.012611 RotLab: 0.004097441677004099 Ent: 0.009856412187218666 RotUnl: 0.004097441677004099 

T clipart Ep: 8400 lr0.006329751097407787 	 Loss Class: 0.011801 RotLab: 0.05866806209087372 Ent: 0.009240806102752686 RotUnl: 0.05866806209087372 

T clipart Ep: 8500 lr0.0063040725665231365 	 Loss Class: 0.010525 RotLab: 0.001061042188666761 Ent: 0.008885020390152931 RotUnl: 0.001061042188666761 

\Target: Average loss: 3.3855, Accuracy: 15604/49440 F1 (31%)

\Rotation: Average loss: 1.4393, Accuracy: 29448/49440 F1 (59%)

best acc class 31.561489
record record/multi/net_resnet34_clipart
saving model
T clipart Ep: 8600 lr0.006278635797596355 	 Loss Class: 0.007358 RotLab: 0.012837767601013184 Ent: 0.006438881158828735 RotUnl: 0.012837767601013184 

T clipart Ep: 8700 lr0.006253437232918371 	 Loss Class: 0.009750 RotLab: 0.03071836568415165 Ent: 0.008334886282682419 RotUnl: 0.03071836568415165 

T clipart Ep: 8800 lr0.0062284733857924735 	 Loss Class: 0.008771 RotLab: 0.010761152021586895 Ent: 0.007611438632011414 RotUnl: 0.010761152021586895 

T clipart Ep: 8900 lr0.006203740838748417 	 Loss Class: 0.012059 RotLab: 0.007975478656589985 Ent: 0.009679993614554405 RotUnl: 0.007975478656589985 

T clipart Ep: 9000 lr0.006179236241810624 	 Loss Class: 0.008490 RotLab: 0.0013813575496897101 Ent: 0.007258424069732428 RotUnl: 0.0013813575496897101 

\Target: Average loss: 3.3846, Accuracy: 15603/49440 F1 (31%)

\Rotation: Average loss: 1.4602, Accuracy: 29616/49440 F1 (59%)

best acc class 31.561489
record record/multi/net_resnet34_clipart
saving model
T clipart Ep: 9100 lr0.006154956310818535 	 Loss Class: 0.005619 RotLab: 0.05397077277302742 Ent: 0.0052598826587200165 RotUnl: 0.05397077277302742 

T clipart Ep: 9200 lr0.0061308978257973165 	 Loss Class: 0.008202 RotLab: 0.027067959308624268 Ent: 0.007223877590149641 RotUnl: 0.027067959308624268 

T clipart Ep: 9300 lr0.0061070576293771285 	 Loss Class: 0.008483 RotLab: 0.01774684526026249 Ent: 0.007414636202156544 RotUnl: 0.01774684526026249 

T clipart Ep: 9400 lr0.006083432625259276 	 Loss Class: 0.006796 RotLab: 0.007512947078794241 Ent: 0.006110619753599167 RotUnl: 0.007512947078794241 

T clipart Ep: 9500 lr0.006060019776727621 	 Loss Class: 0.006871 RotLab: 0.0010801354655995965 Ent: 0.006195813417434692 RotUnl: 0.0010801354655995965 

\Target: Average loss: 3.3828, Accuracy: 15594/49440 F1 (31%)

\Rotation: Average loss: 1.4847, Accuracy: 29614/49440 F1 (59%)

best acc class 31.561489
record record/multi/net_resnet34_clipart
saving model
T clipart Ep: 9600 lr0.00603681610520369 	 Loss Class: 0.009990 RotLab: 0.000951230525970459 Ent: 0.008364845998585224 RotUnl: 0.000951230525970459 

T clipart Ep: 9700 lr0.0060138186888439825 	 Loss Class: 0.008238 RotLab: 0.09981382638216019 Ent: 0.007221055682748556 RotUnl: 0.09981382638216019 

T clipart Ep: 9800 lr0.005991024661178045 	 Loss Class: 0.070307 RotLab: 0.06266177445650101 Ent: 0.012527159415185452 RotUnl: 0.06266177445650101 

T clipart Ep: 9900 lr0.0059684312097859115 	 Loss Class: 0.007758 RotLab: 0.016741931438446045 Ent: 0.006759598385542631 RotUnl: 0.016741931438446045 

T clipart Ep: 10000 lr0.005946035575013605 	 Loss Class: 0.019541 RotLab: 0.011287212371826172 Ent: 0.01421896368265152 RotUnl: 0.011287212371826172 

\Target: Average loss: 3.3567, Accuracy: 15661/49440 F1 (31%)

\Rotation: Average loss: 1.4807, Accuracy: 29699/49440 F1 (60%)

best acc class 31.676780
record record/multi/net_resnet34_clipart
saving model
T clipart Ep: 10100 lr0.005923835048725393 	 Loss Class: 0.007978 RotLab: 0.0012700756778940558 Ent: 0.006904155947268009 RotUnl: 0.0012700756778940558 

T clipart Ep: 10200 lr0.005901826973091593 	 Loss Class: 0.103172 RotLab: 0.06209801509976387 Ent: 0.012190858833491802 RotUnl: 0.06209801509976387 

T clipart Ep: 10300 lr0.005880008739410735 	 Loss Class: 0.012995 RotLab: 0.003021538257598877 Ent: 0.01076686941087246 RotUnl: 0.003021538257598877 

T clipart Ep: 10400 lr0.005858377786964935 	 Loss Class: 0.009415 RotLab: 0.008635282516479492 Ent: 0.008047114126384258 RotUnl: 0.008635282516479492 

T clipart Ep: 10500 lr0.005836931601907399 	 Loss Class: 0.016212 RotLab: 0.01249788235872984 Ent: 0.01071929931640625 RotUnl: 0.01249788235872984 

\Target: Average loss: 3.3423, Accuracy: 15865/49440 F1 (32%)

\Rotation: Average loss: 1.5035, Accuracy: 29607/49440 F1 (59%)

best acc class 32.089401
record record/multi/net_resnet34_clipart
saving model
T clipart Ep: 10600 lr0.005815667716181004 	 Loss Class: 0.010243 RotLab: 0.0007967352867126465 Ent: 0.008618861436843872 RotUnl: 0.0007967352867126465 

T clipart Ep: 10700 lr0.005794583706466925 	 Loss Class: 0.009017 RotLab: 0.0015778342494741082 Ent: 0.00775767071172595 RotUnl: 0.0015778342494741082 

T clipart Ep: 10800 lr0.005773677193162352 	 Loss Class: 0.006515 RotLab: 0.0018167495727539062 Ent: 0.005950314458459616 RotUnl: 0.0018167495727539062 

T clipart Ep: 10900 lr0.005752945839386346 	 Loss Class: 0.010873 RotLab: 0.0029159188270568848 Ent: 0.009289102628827095 RotUnl: 0.0029159188270568848 

T clipart Ep: 11000 lr0.005732387350012933 	 Loss Class: 0.009544 RotLab: 0.0026655595283955336 Ent: 0.008079919032752514 RotUnl: 0.0026655595283955336 

\Target: Average loss: 3.3356, Accuracy: 15800/49440 F1 (31%)

\Rotation: Average loss: 1.4959, Accuracy: 29739/49440 F1 (60%)

best acc class 32.089401
record record/multi/net_resnet34_clipart
saving model
T clipart Ep: 11100 lr0.005711999470730565 	 Loss Class: 0.007928 RotLab: 0.0138319730758667 Ent: 0.006926160305738449 RotUnl: 0.0138319730758667 

T clipart Ep: 11200 lr0.005691779987127103 	 Loss Class: 0.012315 RotLab: 0.0016463001957163215 Ent: 0.010108468122780323 RotUnl: 0.0016463001957163215 

T clipart Ep: 11300 lr0.005671726723799515 	 Loss Class: 0.006901 RotLab: 0.003390888450667262 Ent: 0.006231413688510656 RotUnl: 0.003390888450667262 

T clipart Ep: 11400 lr0.005651837543487509 	 Loss Class: 0.005600 RotLab: 0.003843585727736354 Ent: 0.0052193207666277885 RotUnl: 0.003843585727736354 

T clipart Ep: 11500 lr0.005632110346230358 	 Loss Class: 0.009011 RotLab: 0.0030497212428599596 Ent: 0.007748111616820097 RotUnl: 0.0030497212428599596 

\Target: Average loss: 3.3241, Accuracy: 15781/49440 F1 (31%)

\Rotation: Average loss: 1.5058, Accuracy: 29417/49440 F1 (59%)

best acc class 32.089401
record record/multi/net_resnet34_clipart
saving model
T clipart Ep: 11600 lr0.005612543068546177 	 Loss Class: 0.009017 RotLab: 0.045241933315992355 Ent: 0.007847609929740429 RotUnl: 0.045241933315992355 

T clipart Ep: 11700 lr0.005593133682632953 	 Loss Class: 0.005642 RotLab: 0.0016376376152038574 Ent: 0.005296251270920038 RotUnl: 0.0016376376152038574 

T clipart Ep: 11800 lr0.005573880195590681 	 Loss Class: 0.010009 RotLab: 0.03283577039837837 Ent: 0.00889777485281229 RotUnl: 0.03283577039837837 

T clipart Ep: 11900 lr0.0055547806486639095 	 Loss Class: 0.008172 RotLab: 0.0015201965579763055 Ent: 0.007114773150533438 RotUnl: 0.0015201965579763055 

T clipart Ep: 12000 lr0.005535833116504121 	 Loss Class: 0.006931 RotLab: 0.005584985017776489 Ent: 0.006322565022855997 RotUnl: 0.005584985017776489 

\Target: Average loss: 3.3197, Accuracy: 15725/49440 F1 (31%)

\Rotation: Average loss: 1.5062, Accuracy: 29677/49440 F1 (60%)

best acc class 32.089401
record record/multi/net_resnet34_clipart
saving model
T clipart Ep: 12100 lr0.00551703570645129 	 Loss Class: 0.006643 RotLab: 0.0014188885688781738 Ent: 0.006078652571886778 RotUnl: 0.0014188885688781738 

T clipart Ep: 12200 lr0.005498386557834078 	 Loss Class: 0.009634 RotLab: 0.028792604804039 Ent: 0.008411819115281105 RotUnl: 0.028792604804039 

T clipart Ep: 12300 lr0.00547988384128807 	 Loss Class: 0.011348 RotLab: 0.0015524824848398566 Ent: 0.009707137010991573 RotUnl: 0.0015524824848398566 

T clipart Ep: 12400 lr0.005461525758091539 	 Loss Class: 0.009085 RotLab: 0.0007820923929102719 Ent: 0.007987197488546371 RotUnl: 0.0007820923929102719 

T clipart Ep: 12500 lr0.005443310539518174 	 Loss Class: 0.009073 RotLab: 0.0024115045089274645 Ent: 0.007744283881038427 RotUnl: 0.0024115045089274645 

\Target: Average loss: 3.3130, Accuracy: 15882/49440 F1 (32%)

\Rotation: Average loss: 1.5337, Accuracy: 29536/49440 F1 (59%)

best acc class 32.123786
record record/multi/net_resnet34_clipart
saving model
T clipart Ep: 12600 lr0.005425236446206295 	 Loss Class: 0.009936 RotLab: 0.007636070251464844 Ent: 0.008529513143002987 RotUnl: 0.007636070251464844 

T clipart Ep: 12700 lr0.005407301767544059 	 Loss Class: 0.006534 RotLab: 0.007292767520993948 Ent: 0.00612014252692461 RotUnl: 0.007292767520993948 

T clipart Ep: 12800 lr0.005389504821070177 	 Loss Class: 0.009163 RotLab: 0.0021760265808552504 Ent: 0.007698046509176493 RotUnl: 0.0021760265808552504 

T clipart Ep: 12900 lr0.005371843951889677 	 Loss Class: 0.010391 RotLab: 0.0020101070404052734 Ent: 0.008866073563694954 RotUnl: 0.0020101070404052734 

T clipart Ep: 13000 lr0.0053543175321042955 	 Loss Class: 0.083549 RotLab: 0.056505363434553146 Ent: 0.01340979989618063 RotUnl: 0.056505363434553146 

\Target: Average loss: 3.3133, Accuracy: 15840/49440 F1 (32%)

\Rotation: Average loss: 1.5878, Accuracy: 29463/49440 F1 (59%)

best acc class 32.123786
record record/multi/net_resnet34_clipart
saving model
T clipart Ep: 13100 lr0.005336923960257046 	 Loss Class: 0.012078 RotLab: 0.03600873053073883 Ent: 0.010068844072520733 RotUnl: 0.03600873053073883 

T clipart Ep: 13200 lr0.0053196616607905645 	 Loss Class: 0.095143 RotLab: 0.05411149188876152 Ent: 0.012613455764949322 RotUnl: 0.05411149188876152 

T clipart Ep: 13300 lr0.0053025290835188275 	 Loss Class: 0.007212 RotLab: 0.001490473747253418 Ent: 0.006605138070881367 RotUnl: 0.001490473747253418 

T clipart Ep: 13400 lr0.005285524703111859 	 Loss Class: 0.013900 RotLab: 0.0037097532767802477 Ent: 0.011478005908429623 RotUnl: 0.0037097532767802477 

T clipart Ep: 13500 lr0.005268647018593052 	 Loss Class: 0.009249 RotLab: 0.010939151048660278 Ent: 0.008109009824693203 RotUnl: 0.010939151048660278 

\Target: Average loss: 3.3056, Accuracy: 15823/49440 F1 (32%)

\Rotation: Average loss: 1.4892, Accuracy: 29479/49440 F1 (59%)

best acc class 32.123786
record record/multi/net_resnet34_clipart
saving model
T clipart Ep: 13600 lr0.005251894552848747 	 Loss Class: 0.012137 RotLab: 0.005829751491546631 Ent: 0.0100644426420331 RotUnl: 0.005829751491546631 

T clipart Ep: 13700 lr0.005235265852149712 	 Loss Class: 0.012509 RotLab: 0.000551501929294318 Ent: 0.010834258049726486 RotUnl: 0.000551501929294318 

T clipart Ep: 13800 lr0.005218759485684187 	 Loss Class: 0.006343 RotLab: 0.001048704027198255 Ent: 0.005990229547023773 RotUnl: 0.001048704027198255 

T clipart Ep: 13900 lr0.005202374045102174 	 Loss Class: 0.012551 RotLab: 0.015461593866348267 Ent: 0.010471221059560776 RotUnl: 0.015461593866348267 

T clipart Ep: 14000 lr0.005186108144070652 	 Loss Class: 0.007927 RotLab: 0.003961443901062012 Ent: 0.00724216690286994 RotUnl: 0.003961443901062012 

\Target: Average loss: 3.2963, Accuracy: 15735/49440 F1 (31%)

\Rotation: Average loss: 1.5027, Accuracy: 29425/49440 F1 (59%)

best acc class 32.123786
record record/multi/net_resnet34_clipart
saving model
T clipart Ep: 14100 lr0.005169960417839403 	 Loss Class: 0.012812 RotLab: 0.0012980103492736816 Ent: 0.010433783754706383 RotUnl: 0.0012980103492736816 

T clipart Ep: 14200 lr0.005153929522817161 	 Loss Class: 0.008447 RotLab: 0.0014054576167836785 Ent: 0.007565301842987537 RotUnl: 0.0014054576167836785 

T clipart Ep: 14300 lr0.005138014136157799 	 Loss Class: 0.009667 RotLab: 0.003131647827103734 Ent: 0.00857993308454752 RotUnl: 0.003131647827103734 

T clipart Ep: 14400 lr0.005122212955356274 	 Loss Class: 0.008549 RotLab: 0.0005009372835047543 Ent: 0.007781675551086664 RotUnl: 0.0005009372835047543 

T clipart Ep: 14500 lr0.005106524697854057 	 Loss Class: 0.013274 RotLab: 0.01937643624842167 Ent: 0.01080720778554678 RotUnl: 0.01937643624842167 

\Target: Average loss: 3.2818, Accuracy: 15922/49440 F1 (32%)

\Rotation: Average loss: 1.5205, Accuracy: 29396/49440 F1 (59%)

best acc class 32.204693
record record/multi/net_resnet34_clipart
saving model
T clipart Ep: 14600 lr0.005090948100653781 	 Loss Class: 0.007038 RotLab: 0.0018627246608957648 Ent: 0.0064261737279593945 RotUnl: 0.0018627246608957648 

T clipart Ep: 14700 lr0.0050754819199428855 	 Loss Class: 0.011610 RotLab: 0.0014785727253183722 Ent: 0.009910580702126026 RotUnl: 0.0014785727253183722 

T clipart Ep: 14800 lr0.005060124930725974 	 Loss Class: 0.009641 RotLab: 0.00048579773283563554 Ent: 0.008289605379104614 RotUnl: 0.00048579773283563554 

T clipart Ep: 14900 lr0.00504487592646567 	 Loss Class: 0.011256 RotLab: 0.0038412015419453382 Ent: 0.009377947077155113 RotUnl: 0.0038412015419453382 

T clipart Ep: 15000 lr0.005029733718731741 	 Loss Class: 0.009852 RotLab: 0.003348191501572728 Ent: 0.008648748509585857 RotUnl: 0.003348191501572728 

\Target: Average loss: 3.2877, Accuracy: 15906/49440 F1 (32%)

\Rotation: Average loss: 1.5557, Accuracy: 29524/49440 F1 (59%)

best acc class 32.204693
record record/multi/net_resnet34_clipart
saving model
T clipart Ep: 15100 lr0.005014697136858264 	 Loss Class: 0.008418 RotLab: 0.0017619928112253547 Ent: 0.007671971805393696 RotUnl: 0.0017619928112253547 

T clipart Ep: 15200 lr0.004999765027608607 	 Loss Class: 0.009024 RotLab: 0.0015083352336660028 Ent: 0.007836253382265568 RotUnl: 0.0015083352336660028 

T clipart Ep: 15300 lr0.004984936254848047 	 Loss Class: 0.010786 RotLab: 0.0036929447669535875 Ent: 0.009524487890303135 RotUnl: 0.0036929447669535875 

T clipart Ep: 15400 lr0.004970209699223787 	 Loss Class: 0.008655 RotLab: 0.00406569242477417 Ent: 0.007711801212280989 RotUnl: 0.00406569242477417 

T clipart Ep: 15500 lr0.0049555842578521995 	 Loss Class: 0.008647 RotLab: 0.05831833556294441 Ent: 0.007871954701840878 RotUnl: 0.05831833556294441 

\Target: Average loss: 3.2869, Accuracy: 15878/49440 F1 (32%)

\Rotation: Average loss: 1.4659, Accuracy: 29394/49440 F1 (59%)

best acc class 32.204693
record record/multi/net_resnet34_clipart
saving model
T clipart Ep: 15600 lr0.004941058844013093 	 Loss Class: 0.011507 RotLab: 0.005900204181671143 Ent: 0.01002551894634962 RotUnl: 0.005900204181671143 

T clipart Ep: 15700 lr0.004926632386850831 	 Loss Class: 0.010539 RotLab: 0.0029868483543395996 Ent: 0.009305328130722046 RotUnl: 0.0029868483543395996 

T clipart Ep: 15800 lr0.004912303831082109 	 Loss Class: 0.009181 RotLab: 0.049262676388025284 Ent: 0.00801214762032032 RotUnl: 0.049262676388025284 

T clipart Ep: 15900 lr0.004898072136710217 	 Loss Class: 0.011042 RotLab: 0.03805343434214592 Ent: 0.009525231085717678 RotUnl: 0.03805343434214592 

T clipart Ep: 16000 lr0.004883936278745637 	 Loss Class: 0.009485 RotLab: 0.021993577480316162 Ent: 0.008584125898778439 RotUnl: 0.021993577480316162 

\Target: Average loss: 3.2796, Accuracy: 15888/49440 F1 (32%)

\Rotation: Average loss: 1.5326, Accuracy: 29548/49440 F1 (59%)

best acc class 32.204693
record record/multi/net_resnet34_clipart
saving model
T clipart Ep: 16100 lr0.004869895246932789 	 Loss Class: 0.007569 RotLab: 0.06538217514753342 Ent: 0.007043916266411543 RotUnl: 0.06538217514753342 

T clipart Ep: 16200 lr0.004855948045482784 	 Loss Class: 0.006252 RotLab: 0.0024234254378825426 Ent: 0.006008135620504618 RotUnl: 0.0024234254378825426 

T clipart Ep: 16300 lr0.004842093692812012 	 Loss Class: 0.011139 RotLab: 0.0006206234102137387 Ent: 0.009796914644539356 RotUnl: 0.0006206234102137387 

T clipart Ep: 16400 lr0.004828331221286437 	 Loss Class: 0.007966 RotLab: 0.0008846719865687191 Ent: 0.007396006025373936 RotUnl: 0.0008846719865687191 

T clipart Ep: 16500 lr0.004814659676971443 	 Loss Class: 0.008335 RotLab: 0.062413737177848816 Ent: 0.007666617166250944 RotUnl: 0.062413737177848816 

\Target: Average loss: 3.2522, Accuracy: 16097/49440 F1 (32%)

\Rotation: Average loss: 1.4949, Accuracy: 29448/49440 F1 (59%)

best acc class 32.558657
record record/multi/net_resnet34_clipart
saving model
T clipart Ep: 16600 lr0.004801078119387078 	 Loss Class: 0.008774 RotLab: 0.0011944571742787957 Ent: 0.00786000955849886 RotUnl: 0.0011944571742787957 

T clipart Ep: 16700 lr0.004787585621268585 	 Loss Class: 0.007970 RotLab: 0.002179602859541774 Ent: 0.0073082223534584045 RotUnl: 0.002179602859541774 

T clipart Ep: 16800 lr0.0047741812683320655 	 Loss Class: 0.010323 RotLab: 0.0179615318775177 Ent: 0.009213958866894245 RotUnl: 0.0179615318775177 

T clipart Ep: 16900 lr0.004760864159045157 	 Loss Class: 0.011208 RotLab: 0.012448946945369244 Ent: 0.009505323134362698 RotUnl: 0.012448946945369244 

T clipart Ep: 17000 lr0.0047476334044026 	 Loss Class: 0.067127 RotLab: 0.06375638395547867 Ent: 0.014524504542350769 RotUnl: 0.06375638395547867 

\Target: Average loss: 3.2526, Accuracy: 16089/49440 F1 (32%)

\Rotation: Average loss: 1.5600, Accuracy: 29392/49440 F1 (59%)

best acc class 32.558657
record record/multi/net_resnet34_clipart
saving model
T clipart Ep: 17100 lr0.004734488127706559 	 Loss Class: 0.012836 RotLab: 0.0005125204916112125 Ent: 0.010987721383571625 RotUnl: 0.0005125204916112125 

T clipart Ep: 17200 lr0.004721427464351597 	 Loss Class: 0.086681 RotLab: 0.06694496423006058 Ent: 0.015580159611999989 RotUnl: 0.06694496423006058 

T clipart Ep: 17300 lr0.004708450561614184 	 Loss Class: 0.009584 RotLab: 0.0408439040184021 Ent: 0.008631974458694458 RotUnl: 0.0408439040184021 

T clipart Ep: 17400 lr0.004695556578446619 	 Loss Class: 0.011595 RotLab: 0.0024320881348103285 Ent: 0.00988295953720808 RotUnl: 0.0024320881348103285 

T clipart Ep: 17500 lr0.004682744685275263 	 Loss Class: 0.009429 RotLab: 0.05114258453249931 Ent: 0.008566578850150108 RotUnl: 0.05114258453249931 

\Target: Average loss: 3.2519, Accuracy: 15950/49440 F1 (32%)

\Rotation: Average loss: 1.5276, Accuracy: 29374/49440 F1 (59%)

best acc class 32.558657
record record/multi/net_resnet34_clipart
saving model
T clipart Ep: 17600 lr0.004670014063802979 	 Loss Class: 0.008564 RotLab: 0.0018304189434275031 Ent: 0.007930069230496883 RotUnl: 0.0018304189434275031 

T clipart Ep: 17700 lr0.004657363906815676 	 Loss Class: 0.012709 RotLab: 0.0008292992715723813 Ent: 0.011106281541287899 RotUnl: 0.0008292992715723813 

T clipart Ep: 17800 lr0.004644793417992855 	 Loss Class: 0.010148 RotLab: 0.007067769765853882 Ent: 0.009036236442625523 RotUnl: 0.007067769765853882 

T clipart Ep: 17900 lr0.004632301811722062 	 Loss Class: 0.010368 RotLab: 0.0003593961300794035 Ent: 0.009295331314206123 RotUnl: 0.0003593961300794035 

T clipart Ep: 18000 lr0.004619888312917149 	 Loss Class: 0.011786 RotLab: 0.06500700861215591 Ent: 0.010446812026202679 RotUnl: 0.06500700861215591 

\Target: Average loss: 3.2428, Accuracy: 16098/49440 F1 (32%)

\Rotation: Average loss: 1.4926, Accuracy: 29425/49440 F1 (59%)

best acc class 32.560680
record record/multi/net_resnet34_clipart
saving model
T clipart Ep: 18100 lr0.00460755215684026 	 Loss Class: 0.012025 RotLab: 0.07467639446258545 Ent: 0.01055754441767931 RotUnl: 0.07467639446258545 

T clipart Ep: 18200 lr0.00459529258892745 	 Loss Class: 0.010273 RotLab: 0.0022738378029316664 Ent: 0.009143461473286152 RotUnl: 0.0022738378029316664 

T clipart Ep: 18300 lr0.004583108864617844 	 Loss Class: 0.009534 RotLab: 0.0005424618721008301 Ent: 0.008798210881650448 RotUnl: 0.0005424618721008301 

T clipart Ep: 18400 lr0.0045710002491862545 	 Loss Class: 0.008064 RotLab: 0.0007823904161341488 Ent: 0.007436034269630909 RotUnl: 0.0007823904161341488 

T clipart Ep: 18500 lr0.0045589660175791875 	 Loss Class: 0.007822 RotLab: 0.0006692807073704898 Ent: 0.007149615325033665 RotUnl: 0.0006692807073704898 

\Target: Average loss: 3.2432, Accuracy: 15969/49440 F1 (32%)

\Rotation: Average loss: 1.5327, Accuracy: 29440/49440 F1 (59%)

best acc class 32.560680
record record/multi/net_resnet34_clipart
saving model
T clipart Ep: 18600 lr0.004547005454254138 	 Loss Class: 0.010092 RotLab: 0.004340072628110647 Ent: 0.009068600833415985 RotUnl: 0.004340072628110647 

T clipart Ep: 18700 lr0.004535117853022106 	 Loss Class: 0.015083 RotLab: 0.0015681585064157844 Ent: 0.012556925415992737 RotUnl: 0.0015681585064157844 

T clipart Ep: 18800 lr0.004523302516893268 	 Loss Class: 0.013562 RotLab: 0.00029619535780511796 Ent: 0.011730723083019257 RotUnl: 0.00029619535780511796 

T clipart Ep: 18900 lr0.004511558757925708 	 Loss Class: 0.010077 RotLab: 0.023365646600723267 Ent: 0.009038510732352734 RotUnl: 0.023365646600723267 

T clipart Ep: 19000 lr0.004499885897077159 	 Loss Class: 0.008530 RotLab: 0.08188605308532715 Ent: 0.0078760776668787 RotUnl: 0.08188605308532715 

\Target: Average loss: 3.2190, Accuracy: 16131/49440 F1 (32%)

\Rotation: Average loss: 1.5405, Accuracy: 29475/49440 F1 (59%)

best acc class 32.627427
record record/multi/net_resnet34_clipart
saving model
T clipart Ep: 19100 lr0.004488283264059669 	 Loss Class: 0.010721 RotLab: 0.026636650785803795 Ent: 0.009574308060109615 RotUnl: 0.026636650785803795 

T clipart Ep: 19200 lr0.004476750197197131 	 Loss Class: 0.009700 RotLab: 0.0008639494772069156 Ent: 0.008826847188174725 RotUnl: 0.0008639494772069156 

T clipart Ep: 19300 lr0.004465286043285614 	 Loss Class: 0.008845 RotLab: 0.0009382168645970523 Ent: 0.00803923886269331 RotUnl: 0.0009382168645970523 

T clipart Ep: 19400 lr0.004453890157456425 	 Loss Class: 0.093036 RotLab: 0.05771730840206146 Ent: 0.017038879916071892 RotUnl: 0.05771730840206146 

T clipart Ep: 19500 lr0.004442561903041838 	 Loss Class: 0.009440 RotLab: 0.06734617799520493 Ent: 0.008712276816368103 RotUnl: 0.06734617799520493 

\Target: Average loss: 3.2118, Accuracy: 16298/49440 F1 (32%)

\Rotation: Average loss: 1.5660, Accuracy: 29539/49440 F1 (59%)

best acc class 32.965210
record record/multi/net_resnet34_clipart
saving model
T clipart Ep: 19600 lr0.004431300651443432 	 Loss Class: 0.010198 RotLab: 0.014698703773319721 Ent: 0.009078080765902996 RotUnl: 0.014698703773319721 

T clipart Ep: 19700 lr0.004420105782002992 	 Loss Class: 0.010417 RotLab: 0.00033388534211553633 Ent: 0.009291871450841427 RotUnl: 0.00033388534211553633 

T clipart Ep: 19800 lr0.004408976681875879 	 Loss Class: 0.008318 RotLab: 0.042089659720659256 Ent: 0.007707513868808746 RotUnl: 0.042089659720659256 

T clipart Ep: 19900 lr0.004397912745906863 	 Loss Class: 0.011938 RotLab: 0.0004917184705846012 Ent: 0.010558085516095161 RotUnl: 0.0004917184705846012 

T clipart Ep: 20000 lr0.004386913376508308 	 Loss Class: 0.010223 RotLab: 0.00029693046235479414 Ent: 0.009382917545735836 RotUnl: 0.00029693046235479414 

\Target: Average loss: 3.2367, Accuracy: 16071/49440 F1 (32%)

\Rotation: Average loss: 1.5057, Accuracy: 29636/49440 F1 (59%)

best acc class 32.965210
record record/multi/net_resnet34_clipart
saving model
T clipart Ep: 20100 lr0.004375977983540715 	 Loss Class: 0.010471 RotLab: 0.00042531886720098555 Ent: 0.009343131445348263 RotUnl: 0.00042531886720098555 

T clipart Ep: 20200 lr0.004365105984195512 	 Loss Class: 0.008474 RotLab: 0.006266126874834299 Ent: 0.0077376589179039 RotUnl: 0.006266126874834299 

T clipart Ep: 20300 lr0.004354296802880095 	 Loss Class: 0.070094 RotLab: 0.0584600456058979 Ent: 0.01375636737793684 RotUnl: 0.0584600456058979 

T clipart Ep: 20400 lr0.004343549871105023 	 Loss Class: 0.010642 RotLab: 0.0015470385551452637 Ent: 0.009720413945615292 RotUnl: 0.0015470385551452637 

T clipart Ep: 20500 lr0.0043328646273733526 	 Loss Class: 0.010938 RotLab: 0.0011278986930847168 Ent: 0.009620266035199165 RotUnl: 0.0011278986930847168 

\Target: Average loss: 3.2224, Accuracy: 16072/49440 F1 (32%)

\Rotation: Average loss: 1.5183, Accuracy: 29572/49440 F1 (59%)

best acc class 32.965210
record record/multi/net_resnet34_clipart
saving model
T clipart Ep: 20600 lr0.00432224051707205 	 Loss Class: 0.010923 RotLab: 0.0005986292962916195 Ent: 0.009765277616679668 RotUnl: 0.0005986292962916195 

T clipart Ep: 20700 lr0.0043116769923654385 	 Loss Class: 0.008775 RotLab: 0.0011560916900634766 Ent: 0.008177448995411396 RotUnl: 0.0011560916900634766 

T clipart Ep: 20800 lr0.004301173512090631 	 Loss Class: 0.010103 RotLab: 0.0018254121532663703 Ent: 0.009326683357357979 RotUnl: 0.0018254121532663703 

T clipart Ep: 20900 lr0.004290729541654919 	 Loss Class: 0.008948 RotLab: 0.00047989687300287187 Ent: 0.008312669582664967 RotUnl: 0.00047989687300287187 

T clipart Ep: 21000 lr0.0042803445529350555 	 Loss Class: 0.010218 RotLab: 0.02090541459619999 Ent: 0.009076300077140331 RotUnl: 0.02090541459619999 

\Target: Average loss: 3.2214, Accuracy: 16157/49440 F1 (32%)

\Rotation: Average loss: 1.5505, Accuracy: 29583/49440 F1 (59%)

best acc class 32.965210
record record/multi/net_resnet34_clipart
saving model
T clipart Ep: 21100 lr0.0042700180241784045 	 Loss Class: 0.014774 RotLab: 0.0018238822231069207 Ent: 0.012527084909379482 RotUnl: 0.0018238822231069207 

T clipart Ep: 21200 lr0.004259749439905917 	 Loss Class: 0.011286 RotLab: 0.0005887746810913086 Ent: 0.01010062824934721 RotUnl: 0.0005887746810913086 

T clipart Ep: 21300 lr0.004249538290816886 	 Loss Class: 0.009020 RotLab: 0.016915729269385338 Ent: 0.008162754587829113 RotUnl: 0.016915729269385338 

T clipart Ep: 21400 lr0.004239384073695442 	 Loss Class: 0.010785 RotLab: 0.003526846645399928 Ent: 0.009671011939644814 RotUnl: 0.003526846645399928 

T clipart Ep: 21500 lr0.004229286291318768 	 Loss Class: 0.012770 RotLab: 0.00043392181396484375 Ent: 0.01090962253510952 RotUnl: 0.00043392181396484375 

\Target: Average loss: 3.2065, Accuracy: 16194/49440 F1 (32%)

\Rotation: Average loss: 1.5054, Accuracy: 29518/49440 F1 (59%)

best acc class 32.965210
record record/multi/net_resnet34_clipart
saving model
T clipart Ep: 21600 lr0.004219244452366975 	 Loss Class: 0.008601 RotLab: 0.0008119344711303711 Ent: 0.008055766113102436 RotUnl: 0.0008119344711303711 

T clipart Ep: 21700 lr0.004209258071334615 	 Loss Class: 0.093114 RotLab: 0.05799334868788719 Ent: 0.014387351460754871 RotUnl: 0.05799334868788719 

T clipart Ep: 21800 lr0.004199326668443797 	 Loss Class: 0.087498 RotLab: 0.07714671641588211 Ent: 0.014509973116219044 RotUnl: 0.07714671641588211 

T clipart Ep: 21900 lr0.004189449769558871 	 Loss Class: 0.011396 RotLab: 0.0004343986511230469 Ent: 0.01013995986431837 RotUnl: 0.0004343986511230469 

T clipart Ep: 22000 lr0.004179626906102638 	 Loss Class: 0.010639 RotLab: 0.002617577789351344 Ent: 0.009630846790969372 RotUnl: 0.002617577789351344 

\Target: Average loss: 3.2344, Accuracy: 16106/49440 F1 (32%)

\Rotation: Average loss: 1.5732, Accuracy: 29331/49440 F1 (59%)

best acc class 32.965210
record record/multi/net_resnet34_clipart
saving model
T clipart Ep: 22100 lr0.004169857614974071 	 Loss Class: 0.012385 RotLab: 0.04992653802037239 Ent: 0.010973062366247177 RotUnl: 0.04992653802037239 

T clipart Ep: 22200 lr0.004160141438467499 	 Loss Class: 0.010291 RotLab: 0.04896751046180725 Ent: 0.009293013252317905 RotUnl: 0.04896751046180725 

T clipart Ep: 22300 lr0.004150477924193236 	 Loss Class: 0.010172 RotLab: 0.0006730556488037109 Ent: 0.009282839484512806 RotUnl: 0.0006730556488037109 

T clipart Ep: 22400 lr0.00414086662499961 	 Loss Class: 0.012181 RotLab: 0.004187405109405518 Ent: 0.010664536617696285 RotUnl: 0.004187405109405518 

T clipart Ep: 22500 lr0.004131307098896385 	 Loss Class: 0.011114 RotLab: 0.07425364851951599 Ent: 0.010012633167207241 RotUnl: 0.07425364851951599 

\Target: Average loss: 3.2175, Accuracy: 16202/49440 F1 (32%)

Exception ignored in: <function _DataLoaderIter.__del__ at 0x7f31569c4710>
Traceback (most recent call last):
  File "/home/megh/anaconda3/envs/ssal/lib/python3.7/site-packages/torch/utils/data/dataloader.py", line 399, in __del__
    self._shutdown_workers()
  File "/home/megh/anaconda3/envs/ssal/lib/python3.7/site-packages/torch/utils/data/dataloader.py", line 378, in _shutdown_workers
    self.worker_result_queue.get()
  File "/home/megh/anaconda3/envs/ssal/lib/python3.7/multiprocessing/queues.py", line 354, in get
    return _ForkingPickler.loads(res)
  File "/home/megh/anaconda3/envs/ssal/lib/python3.7/site-packages/torch/multiprocessing/reductions.py", line 151, in rebuild_storage_fd
    fd = df.detach()
  File "/home/megh/anaconda3/envs/ssal/lib/python3.7/multiprocessing/resource_sharer.py", line 58, in detach
    return reduction.recv_handle(conn)
  File "/home/megh/anaconda3/envs/ssal/lib/python3.7/multiprocessing/reduction.py", line 185, in recv_handle
    return recvfds(s, 1)[0]
  File "/home/megh/anaconda3/envs/ssal/lib/python3.7/multiprocessing/reduction.py", line 153, in recvfds
    msg, ancdata, flags, addr = sock.recvmsg(1, socket.CMSG_SPACE(bytes_size))
ConnectionResetError: [Errno 104] Connection reset by peer
\Rotation: Average loss: 1.5391, Accuracy: 29497/49440 F1 (59%)

