Dataset multi Target sketch Network resnet34 Num per class 3
126 classes in this dataset
THCudaCheck FAIL file=/opt/conda/conda-bld/pytorch_1535493744281/work/aten/src/THC/THCGeneral.cpp line=663 error=11 : invalid argument
T sketch Ep: 0 lr0.01 	 Loss Class: 5.048716 RotLab: 1.697153091430664 Ent: 0.4687664210796356 RotUnl: 1.697153091430664 

T sketch Ep: 100 lr0.009925650290240803 	 Loss Class: 1.493956 RotLab: 0.8812727928161621 Ent: 0.2912968695163727 RotUnl: 0.8812727928161621 

T sketch Ep: 200 lr0.009852577760521605 	 Loss Class: 0.644009 RotLab: 0.7923610806465149 Ent: 0.17028525471687317 RotUnl: 0.7923610806465149 

T sketch Ep: 300 lr0.009780748269686728 	 Loss Class: 0.496438 RotLab: 0.6306207180023193 Ent: 0.11707895249128342 RotUnl: 0.6306207180023193 

T sketch Ep: 400 lr0.009710128909124701 	 Loss Class: 0.172497 RotLab: 0.5080763101577759 Ent: 0.07131731510162354 RotUnl: 0.5080763101577759 

T sketch Ep: 500 lr0.00964068794694323 	 Loss Class: 0.104900 RotLab: 0.5285913944244385 Ent: 0.04936002194881439 RotUnl: 0.5285913944244385 

\Target: Average loss: 2.7501, Accuracy: 36659/93792 F1 (39%)

\Rotation: Average loss: 0.8336, Accuracy: 55257/93792 F1 (58%)

best acc class 39.085423
record record/multi/net_resnet34_sketch
saving model
T sketch Ep: 600 lr0.00957239477517603 	 Loss Class: 0.104685 RotLab: 0.4442617893218994 Ent: 0.04999640956521034 RotUnl: 0.4442617893218994 

T sketch Ep: 700 lr0.009505219859830012 	 Loss Class: 0.084527 RotLab: 0.4036594331264496 Ent: 0.04347579553723335 RotUnl: 0.4036594331264496 

T sketch Ep: 800 lr0.009439134693595126 	 Loss Class: 0.040369 RotLab: 0.5381858944892883 Ent: 0.017684953287243843 RotUnl: 0.5381858944892883 

T sketch Ep: 900 lr0.009374111751051751 	 Loss Class: 0.105088 RotLab: 0.4022487699985504 Ent: 0.050313957035541534 RotUnl: 0.4022487699985504 

T sketch Ep: 1000 lr0.009310124446222227 	 Loss Class: 0.027068 RotLab: 0.34408703446388245 Ent: 0.018025249242782593 RotUnl: 0.34408703446388245 

\Target: Average loss: 2.8570, Accuracy: 36823/93792 F1 (39%)

\Rotation: Average loss: 0.8824, Accuracy: 56872/93792 F1 (60%)

best acc class 39.260278
record record/multi/net_resnet34_sketch
saving model
T sketch Ep: 1100 lr0.00924714709232377 	 Loss Class: 0.041171 RotLab: 0.47442010045051575 Ent: 0.0257331021130085 RotUnl: 0.47442010045051575 

T sketch Ep: 1200 lr0.009185154863590003 	 Loss Class: 0.048061 RotLab: 0.2690275013446808 Ent: 0.027786506339907646 RotUnl: 0.2690275013446808 

T sketch Ep: 1300 lr0.00912412375903735 	 Loss Class: 0.043420 RotLab: 0.40919026732444763 Ent: 0.026306027546525 RotUnl: 0.40919026732444763 

T sketch Ep: 1400 lr0.009064030568061049 	 Loss Class: 0.030852 RotLab: 0.20278626680374146 Ent: 0.01971963420510292 RotUnl: 0.20278626680374146 

T sketch Ep: 1500 lr0.009004852837753237 	 Loss Class: 0.026655 RotLab: 0.18153022229671478 Ent: 0.01686151698231697 RotUnl: 0.18153022229671478 

\Target: Average loss: 2.9278, Accuracy: 36348/93792 F1 (38%)

\Rotation: Average loss: 0.9918, Accuracy: 57012/93792 F1 (60%)

best acc class 39.260278
record record/multi/net_resnet34_sketch
saving model
T sketch Ep: 1600 lr0.008946568841842816 	 Loss Class: 0.039524 RotLab: 0.09656524658203125 Ent: 0.023597126826643944 RotUnl: 0.09656524658203125 

T sketch Ep: 1700 lr0.008889157551163433 	 Loss Class: 0.043469 RotLab: 0.22094838321208954 Ent: 0.024907639250159264 RotUnl: 0.22094838321208954 

T sketch Ep: 1800 lr0.008832598605562044 	 Loss Class: 0.020010 RotLab: 0.09976452589035034 Ent: 0.012267516925930977 RotUnl: 0.09976452589035034 

T sketch Ep: 1900 lr0.008776872287166303 	 Loss Class: 0.029501 RotLab: 0.06771519035100937 Ent: 0.017696890980005264 RotUnl: 0.06771519035100937 

T sketch Ep: 2000 lr0.008721959494934213 	 Loss Class: 0.051489 RotLab: 0.12658585608005524 Ent: 0.026354461908340454 RotUnl: 0.12658585608005524 

\Target: Average loss: 2.9640, Accuracy: 36079/93792 F1 (38%)

\Rotation: Average loss: 1.1201, Accuracy: 57205/93792 F1 (60%)

best acc class 39.260278
record record/multi/net_resnet34_sketch
saving model
T sketch Ep: 2100 lr0.008667841720414475 	 Loss Class: 0.018481 RotLab: 0.21873120963573456 Ent: 0.013621250167489052 RotUnl: 0.21873120963573456 

T sketch Ep: 2200 lr0.008614501024650454 	 Loss Class: 0.041728 RotLab: 0.05714133381843567 Ent: 0.023732990026474 RotUnl: 0.05714133381843567 

T sketch Ep: 2300 lr0.008561920016164943 	 Loss Class: 0.026232 RotLab: 0.031817417591810226 Ent: 0.01690717600286007 RotUnl: 0.031817417591810226 

T sketch Ep: 2400 lr0.008510081829966844 	 Loss Class: 0.013884 RotLab: 0.06862808018922806 Ent: 0.009808565489947796 RotUnl: 0.06862808018922806 

T sketch Ep: 2500 lr0.008458970107524513 	 Loss Class: 0.043257 RotLab: 0.27765607833862305 Ent: 0.02089409902691841 RotUnl: 0.27765607833862305 

\Target: Average loss: 2.9482, Accuracy: 36295/93792 F1 (38%)

\Rotation: Average loss: 1.1712, Accuracy: 57342/93792 F1 (61%)

best acc class 39.260278
record record/multi/net_resnet34_sketch
saving model
T sketch Ep: 2600 lr0.008408568977653933 	 Loss Class: 0.038998 RotLab: 0.15684884786605835 Ent: 0.021005401387810707 RotUnl: 0.15684884786605835 

T sketch Ep: 2700 lr0.00835886303827305 	 Loss Class: 0.013971 RotLab: 0.07244041562080383 Ent: 0.010511460714042187 RotUnl: 0.07244041562080383 

T sketch Ep: 2800 lr0.008309837338976545 	 Loss Class: 0.015980 RotLab: 0.024929264560341835 Ent: 0.011477157473564148 RotUnl: 0.024929264560341835 

T sketch Ep: 2900 lr0.008261477364388068 	 Loss Class: 0.018848 RotLab: 0.0197975542396307 Ent: 0.012925460934638977 RotUnl: 0.0197975542396307 

T sketch Ep: 3000 lr0.008213769018249545 	 Loss Class: 0.013977 RotLab: 0.024159222841262817 Ent: 0.010324254631996155 RotUnl: 0.024159222841262817 

\Target: Average loss: 2.9471, Accuracy: 36363/93792 F1 (38%)

\Rotation: Average loss: 1.2103, Accuracy: 57377/93792 F1 (61%)

best acc class 39.260278
record record/multi/net_resnet34_sketch
saving model
T sketch Ep: 3100 lr0.008166698608209509 	 Loss Class: 0.010992 RotLab: 0.07437735795974731 Ent: 0.008321200497448444 RotUnl: 0.07437735795974731 

T sketch Ep: 3200 lr0.008120252831274708 	 Loss Class: 0.018951 RotLab: 0.10817644000053406 Ent: 0.013304700143635273 RotUnl: 0.10817644000053406 

T sketch Ep: 3300 lr0.008074418759891278 	 Loss Class: 0.008683 RotLab: 0.10979970544576645 Ent: 0.006466726306825876 RotUnl: 0.10979970544576645 

T sketch Ep: 3400 lr0.008029183828623731 	 Loss Class: 0.011726 RotLab: 0.019422262907028198 Ent: 0.008873366750776768 RotUnl: 0.019422262907028198 

T sketch Ep: 3500 lr0.007984535821401871 	 Loss Class: 0.013033 RotLab: 0.031520020216703415 Ent: 0.01013531256467104 RotUnl: 0.031520020216703415 

\Target: Average loss: 2.9672, Accuracy: 36127/93792 F1 (38%)

\Rotation: Average loss: 1.2853, Accuracy: 57872/93792 F1 (61%)

best acc class 39.260278
record record/multi/net_resnet34_sketch
saving model
T sketch Ep: 3600 lr0.007940462859307384 	 Loss Class: 0.018118 RotLab: 0.040357064455747604 Ent: 0.012501622550189495 RotUnl: 0.040357064455747604 

T sketch Ep: 3700 lr0.007896953388873518 	 Loss Class: 0.016493 RotLab: 0.14651013910770416 Ent: 0.011606231331825256 RotUnl: 0.14651013910770416 

T sketch Ep: 3800 lr0.007853996170872714 	 Loss Class: 0.010169 RotLab: 0.01548793911933899 Ent: 0.00756507832556963 RotUnl: 0.01548793911933899 

T sketch Ep: 3900 lr0.00781158026956848 	 Loss Class: 0.015773 RotLab: 0.040870100259780884 Ent: 0.010520069859921932 RotUnl: 0.040870100259780884 

T sketch Ep: 4000 lr0.007769695042409123 	 Loss Class: 0.010476 RotLab: 0.02177053689956665 Ent: 0.008348221890628338 RotUnl: 0.02177053689956665 

\Target: Average loss: 2.9320, Accuracy: 36671/93792 F1 (39%)

\Rotation: Average loss: 1.3070, Accuracy: 57165/93792 F1 (60%)

